d:\users\course\大三\計算機圖學\opengl_hw_3d\opengl_5\debug\vc140.pdb
d:\users\course\大三\計算機圖學\opengl_hw_3d\opengl_5\debug\vc140.idb
d:\users\course\大三\計算機圖學\opengl_hw_3d\opengl_5\debug\cquad.obj
d:\users\course\大三\計算機圖學\opengl_hw_3d\opengl_5\debug\cshape.obj
d:\users\course\大三\計算機圖學\opengl_hw_3d\opengl_5\debug\csolidcube.obj
d:\users\course\大三\計算機圖學\opengl_hw_3d\opengl_5\debug\csolidsphere.obj
d:\users\course\大三\計算機圖學\opengl_hw_3d\opengl_5\debug\ctexturepool.obj
d:\users\course\大三\計算機圖學\opengl_hw_3d\opengl_5\debug\cwirecube.obj
d:\users\course\大三\計算機圖學\opengl_hw_3d\opengl_5\debug\cwiresphere.obj
d:\users\course\大三\計算機圖學\opengl_hw_3d\opengl_5\debug\modelpool.obj
d:\users\course\大三\計算機圖學\opengl_hw_3d\opengl_5\debug\room.obj
d:\users\course\大三\計算機圖學\opengl_hw_3d\opengl_5\debug\room1.obj
d:\users\course\大三\計算機圖學\opengl_hw_3d\opengl_5\debug\room2.obj
d:\users\course\大三\計算機圖學\opengl_hw_3d\opengl_5\debug\room3.obj
d:\users\course\大三\計算機圖學\opengl_hw_3d\opengl_5\debug\room4.obj
d:\users\course\大三\計算機圖學\opengl_hw_3d\opengl_5\debug\room5.obj
d:\users\course\大三\計算機圖學\opengl_hw_3d\opengl_5\debug\room6.obj
d:\users\course\大三\計算機圖學\opengl_hw_3d\opengl_5\debug\timer.obj
d:\users\course\大三\計算機圖學\opengl_hw_3d\opengl_5\debug\hw3.obj
d:\users\course\大三\計算機圖學\opengl_hw_3d\opengl_5\debug\initshader.obj
d:\users\course\大三\計算機圖學\opengl_hw_3d\opengl_5\debug\objloader.obj
d:\users\course\大三\計算機圖學\opengl_hw_3d\opengl_5\debug\png_loader.obj
d:\users\course\大三\計算機圖學\opengl_hw_3d\opengl_5\debug\c2dsprite.obj
d:\users\course\大三\計算機圖學\opengl_hw_3d\opengl_5\debug\ccamera.obj
d:\users\course\大三\計算機圖學\opengl_hw_3d\opengl_5\debug\cchecker.obj
d:\users\course\大三\計算機圖學\opengl_hw_3d\opengl_5\debug\clinesegment.obj
d:\users\course\大三\計算機圖學\opengl_hw_3d\opengl_5\debug\common.obj
d:\users\course\大三\計算機圖學\opengl_hw_3d\debug\opengl_5.exe
d:\users\course\大三\計算機圖學\opengl_hw_3d\debug\opengl_5.pdb
d:\users\course\大三\計算機圖學\opengl_hw_3d\opengl_5\debug\example5.obj
d:\users\course\大三\計算機圖學\opengl_hw_3d\opengl_5\debug\opengl_5.tlog\cl.command.1.tlog
d:\users\course\大三\計算機圖學\opengl_hw_3d\opengl_5\debug\opengl_5.tlog\cl.read.1.tlog
d:\users\course\大三\計算機圖學\opengl_hw_3d\opengl_5\debug\opengl_5.tlog\cl.write.1.tlog
d:\users\course\大三\計算機圖學\opengl_hw_3d\opengl_5\debug\opengl_5.tlog\link.command.1.tlog
d:\users\course\大三\計算機圖學\opengl_hw_3d\opengl_5\debug\opengl_5.tlog\link.read.1.tlog
d:\users\course\大三\計算機圖學\opengl_hw_3d\opengl_5\debug\opengl_5.tlog\link.write.1.tlog
